2026-02-03 10:33:00,300 | INFO | bot.client | Binance Futures Testnet client initialized
2026-02-03 10:33:00,303 | INFO | bot.client | SENT REQUEST: {'symbol': 'BTCUSDT', 'side': 'BUY', 'type': 'MARKET', 'quantity': 0.001}
2026-02-03 10:33:01,101 | ERROR | bot.client | API ERROR: APIError(code=-4164): Order's notional must be no smaller than 100 (unless you choose reduce only).
Traceback (most recent call last):
  File "C:\Users\jahna\OneDrive\Desktop\Anything AI\trading_bot\bot\client.py", line 25, in create_order
    response = self.client.futures_create_order(**params)
  File "C:\Users\jahna\OneDrive\Desktop\Anything AI\trading_bot\venv\Lib\site-packages\binance\client.py", line 6504, in futures_create_order
    return self._request_futures_api('post', 'order', True, data=params)
           ~~~~~~~~~~~~~~~~~~~~~~~~~^^^^^^^^^^^^^^^^^^^^^^^^^^^^^^^^^^^^
  File "C:\Users\jahna\OneDrive\Desktop\Anything AI\trading_bot\venv\Lib\site-packages\binance\client.py", line 383, in _request_futures_api
    return self._request(method, uri, signed, True, **kwargs)
           ~~~~~~~~~~~~~^^^^^^^^^^^^^^^^^^^^^^^^^^^^^^^^^^^^^
  File "C:\Users\jahna\OneDrive\Desktop\Anything AI\trading_bot\venv\Lib\site-packages\binance\client.py", line 359, in _request
    return self._handle_response(self.response)
           ~~~~~~~~~~~~~~~~~~~~~^^^^^^^^^^^^^^^
  File "C:\Users\jahna\OneDrive\Desktop\Anything AI\trading_bot\venv\Lib\site-packages\binance\client.py", line 368, in _handle_response
    raise BinanceAPIException(response, response.status_code, response.text)
binance.exceptions.BinanceAPIException: APIError(code=-4164): Order's notional must be no smaller than 100 (unless you choose reduce only).
2026-02-03 10:33:01,106 | ERROR | CLI | Order execution failed
2026-02-03 10:34:37,133 | INFO | bot.client | Binance Futures Testnet client initialized
2026-02-03 10:34:37,141 | INFO | bot.client | SENT REQUEST: {'symbol': 'BTCUSDT', 'side': 'BUY', 'type': 'MARKET', 'quantity': 0.003}
2026-02-03 10:34:37,727 | INFO | bot.client | RECEIVED RESPONSE: {'orderId': 12091917503, 'symbol': 'BTCUSDT', 'status': 'NEW', 'clientOrderId': '1kt6LwHdMsHv9DPS4SpP9w', 'price': '0.00', 'avgPrice': '0.00', 'origQty': '0.003', 'executedQty': '0.000', 'cumQty': '0.000', 'cumQuote': '0.00000', 'timeInForce': 'GTC', 'type': 'MARKET', 'reduceOnly': False, 'closePosition': False, 'side': 'BUY', 'positionSide': 'BOTH', 'stopPrice': '0.00', 'workingType': 'CONTRACT_PRICE', 'priceProtect': False, 'origType': 'MARKET', 'priceMatch': 'NONE', 'selfTradePreventionMode': 'EXPIRE_MAKER', 'goodTillDate': 0, 'updateTime': 1770095077810}
2026-02-03 10:35:10,549 | INFO | bot.client | Binance Futures Testnet client initialized
2026-02-03 10:35:10,549 | INFO | bot.client | SENT REQUEST: {'symbol': 'BTCUSDT', 'side': 'BUY', 'type': 'LIMIT', 'quantity': 0.003, 'price': 45000.0, 'timeInForce': 'GTC'}
2026-02-03 10:35:11,364 | INFO | bot.client | RECEIVED RESPONSE: {'orderId': 12091922090, 'symbol': 'BTCUSDT', 'status': 'NEW', 'clientOrderId': '9QdQZ9IeCMcm8Shavo0R0n', 'price': '45000.00', 'avgPrice': '0.00', 'origQty': '0.003', 'executedQty': '0.000', 'cumQty': '0.000', 'cumQuote': '0.00000', 'timeInForce': 'GTC', 'type': 'LIMIT', 'reduceOnly': False, 'closePosition': False, 'side': 'BUY', 'positionSide': 'BOTH', 'stopPrice': '0.00', 'workingType': 'CONTRACT_PRICE', 'priceProtect': False, 'origType': 'LIMIT', 'priceMatch': 'NONE', 'selfTradePreventionMode': 'EXPIRE_MAKER', 'goodTillDate': 0, 'updateTime': 1770095111450}
